<?xml version="1.0" encoding="UTF-8"?>
<testsuite name="Cucumber" time="18.316" tests="2" skipped="0" failures="1" errors="0">
<testcase classname="hooks_test" name="TC01_google_iphone_arama" time="6.741">
<failure type="java.lang.AssertionError">
<![CDATA[java.lang.AssertionError
	at org.junit.Assert.fail(Assert.java:87)
	at org.junit.Assert.assertTrue(Assert.java:42)
	at org.junit.Assert.assertTrue(Assert.java:53)
	at stepdefinitions.GoogleStepDefinations.sonuclarda_iphone_oldugunu_dogrular(GoogleStepDefinations.java:29)
	at ✽.sonuclarda iphone oldugunu dogrular(file:///C:/Users/CASPER23AGUST022/IdeaProjects/batch103Cucumber/./src/test/resources/features/day06_failed_scenarios.feature:9)
]]>
</failure>
<system-out><![CDATA[
Given kullanici google gider................................................passed
When kullanici "iphone" için arama yapar....................................passed
When ekran görüntüsü al.....................................................passed
Then sonuclarda iphone oldugunu dogrular....................................failed
Then driver i kapat.........................................................skipped
]]></system-out>
</testcase>
<testcase classname="hooks_test" name="TC02_google_tesla_arama" time="11.234">
<system-out><![CDATA[
Given kullanici google gider................................................passed
When kullanici "tesla" için arama yapar.....................................passed
Then kullanici tesla icin arama yapar.......................................passed
Then ekran görüntüsü al.....................................................passed
Then driver i kapat.........................................................passed
]]></system-out>
</testcase>
</testsuite>
